This is pdfTeX, Version 3.14159265-2.6-1.40.19 (TeX Live 2018/W32TeX) (preloaded format=pdflatex 2018.6.25)  7 JUL 2018 15:17
entering extended mode
 restricted \write18 enabled.
 file:line:error style messages enabled.
 %&-line parsing enabled.
**d:/Paper_code/CDR/IR_template.tex
(d:/Paper_code/CDR/IR_template.tex
LaTeX2e <2018-04-01> patch level 2
Babel <3.18> and hyphenation patterns for 8 language(s) loaded.
(d:/Application/texlive/2018/texmf-dist/tex/latex/base/article.cls
Document Class: article 2014/09/29 v1.4h Standard LaTeX document class
(d:/Application/texlive/2018/texmf-dist/tex/latex/base/size10.clo
File: size10.clo 2014/09/29 v1.4h Standard LaTeX file (size option)
)
\c@part=\count80
\c@section=\count81
\c@subsection=\count82
\c@subsubsection=\count83
\c@paragraph=\count84
\c@subparagraph=\count85
\c@figure=\count86
\c@table=\count87
\abovecaptionskip=\skip41
\belowcaptionskip=\skip42
\bibindent=\dimen102
)
(d:/Application/texlive/2018/texmf-dist/tex/latex/cite/cite.sty
LaTeX Info: Redefining \cite on input line 302.
LaTeX Info: Redefining \nocite on input line 332.
Package: cite 2015/02/27  v 5.5
)
(d:/Application/texlive/2018/texmf-dist/tex/latex/sttools/flushend.sty
Package: flushend 2017/03/27 v3.3 Balancing columns in twocolumn mode
\flushend@@lastskip@a=\skip43
\flushend@@lastskip@b=\skip44
\flushend@@lastskip@c=\skip45
\flushend@@penalty@a=\count88
\flushend@@lastkern@a=\dimen103
\var@@temp@spread=\dimen104
\var@@temp@a=\dimen105
\flushend@@page@rule=\dimen106
\flushend@@varbox@a=\box26
\flushend@@varbox@c=\box27
\flushend@@tempbox@a=\box28
\flushend@@tempbox@c=\box29
\@viper=\box30
\hold@viper=\box31
\atColsBreak=\toks14
\atColsEnd=\toks15

(d:/Application/texlive/2018/texmf-dist/tex/latex/etoolbox/etoolbox.sty
Package: etoolbox 2018/02/11 v2.5e e-TeX tools for LaTeX (JAW)
\etb@tempcnta=\count89
))
(d:/Application/texlive/2018/texmf-dist/tex/latex/sttools/cuted.sty
Package: cuted 2012/10/04 v1.5 Mixing onecolumn and twocolumn modes
\At@ViperColsBreak=\toks16
\v@aaa=\box32
\v@ccc=\box33
\lastskip@a=\skip46
\lastskip@b=\skip47
\lastskip@d=\skip48
\lastbox@a=\box34
\stripsep=\skip49
\viper@penalty=\count90
\ht@viper=\dimen107
)
(d:/Application/texlive/2018/texmf-dist/tex/latex/subfigure/subfigure.sty
Package: subfigure 2002/03/15 v2.1.5 subfigure package
\subfigtopskip=\skip50
\subfigcapskip=\skip51
\subfigcaptopadj=\dimen108
\subfigbottomskip=\skip52
\subfigcapmargin=\dimen109
\subfiglabelskip=\skip53
\c@subfigure=\count91
\c@lofdepth=\count92
\c@subtable=\count93
\c@lotdepth=\count94

****************************************
* Local config file subfigure.cfg used *
****************************************
(d:/Application/texlive/2018/texmf-dist/tex/latex/subfigure/subfigure.cfg)
\subfig@top=\skip54
\subfig@bottom=\skip55
)
(d:/Application/texlive/2018/texmf-dist/tex/latex/graphics/graphicx.sty
Package: graphicx 2017/06/01 v1.1a Enhanced LaTeX Graphics (DPC,SPQR)

(d:/Application/texlive/2018/texmf-dist/tex/latex/graphics/keyval.sty
Package: keyval 2014/10/28 v1.15 key=value parser (DPC)
\KV@toks@=\toks17
)
(d:/Application/texlive/2018/texmf-dist/tex/latex/graphics/graphics.sty
Package: graphics 2017/06/25 v1.2c Standard LaTeX Graphics (DPC,SPQR)

(d:/Application/texlive/2018/texmf-dist/tex/latex/graphics/trig.sty
Package: trig 2016/01/03 v1.10 sin cos tan (DPC)
)
(d:/Application/texlive/2018/texmf-dist/tex/latex/graphics-cfg/graphics.cfg
File: graphics.cfg 2016/06/04 v1.11 sample graphics configuration
)
Package graphics Info: Driver file: pdftex.def on input line 99.

(d:/Application/texlive/2018/texmf-dist/tex/latex/graphics-def/pdftex.def
File: pdftex.def 2018/01/08 v1.0l Graphics/color driver for pdftex
))
\Gin@req@height=\dimen110
\Gin@req@width=\dimen111
)
(d:/Application/texlive/2018/texmf-dist/tex/latex/caption/caption.sty
Package: caption 2016/02/21 v3.3-144 Customizing captions (AR)

(d:/Application/texlive/2018/texmf-dist/tex/latex/caption/caption3.sty
Package: caption3 2016/05/22 v1.7-166 caption3 kernel (AR)
Package caption3 Info: TeX engine: e-TeX on input line 67.
\captionmargin=\dimen112
\captionmargin@=\dimen113
\captionwidth=\dimen114
\caption@tempdima=\dimen115
\caption@indent=\dimen116
\caption@parindent=\dimen117
\caption@hangindent=\dimen118
)
\c@ContinuedFloat=\count95
Package caption Info: subfigure package is loaded.
)
(./IR_template.aux)
\openout1 = `IR_template.aux'.

LaTeX Font Info:    Checking defaults for OML/cmm/m/it on input line 25.
LaTeX Font Info:    ... okay on input line 25.
LaTeX Font Info:    Checking defaults for T1/cmr/m/n on input line 25.
LaTeX Font Info:    ... okay on input line 25.
LaTeX Font Info:    Checking defaults for OT1/cmr/m/n on input line 25.
LaTeX Font Info:    ... okay on input line 25.
LaTeX Font Info:    Checking defaults for OMS/cmsy/m/n on input line 25.
LaTeX Font Info:    ... okay on input line 25.
LaTeX Font Info:    Checking defaults for OMX/cmex/m/n on input line 25.
LaTeX Font Info:    ... okay on input line 25.
LaTeX Font Info:    Checking defaults for U/cmr/m/n on input line 25.
LaTeX Font Info:    ... okay on input line 25.

(d:/Application/texlive/2018/texmf-dist/tex/context/base/mkii/supp-pdf.mkii
[Loading MPS to PDF converter (version 2006.09.02).]
\scratchcounter=\count96
\scratchdimen=\dimen119
\scratchbox=\box35
\nofMPsegments=\count97
\nofMParguments=\count98
\everyMPshowfont=\toks18
\MPscratchCnt=\count99
\MPscratchDim=\dimen120
\MPnumerator=\count100
\makeMPintoPDFobject=\count101
\everyMPtoPDFconversion=\toks19
) (d:/Application/texlive/2018/texmf-dist/tex/latex/oberdiek/epstopdf-base.sty
Package: epstopdf-base 2016/05/15 v2.6 Base part for package epstopdf

(d:/Application/texlive/2018/texmf-dist/tex/generic/oberdiek/infwarerr.sty
Package: infwarerr 2016/05/16 v1.4 Providing info/warning/error messages (HO)
)
(d:/Application/texlive/2018/texmf-dist/tex/latex/oberdiek/grfext.sty
Package: grfext 2016/05/16 v1.2 Manage graphics extensions (HO)

(d:/Application/texlive/2018/texmf-dist/tex/generic/oberdiek/kvdefinekeys.sty
Package: kvdefinekeys 2016/05/16 v1.4 Define keys (HO)

(d:/Application/texlive/2018/texmf-dist/tex/generic/oberdiek/ltxcmds.sty
Package: ltxcmds 2016/05/16 v1.23 LaTeX kernel commands for general use (HO)
)))
(d:/Application/texlive/2018/texmf-dist/tex/latex/oberdiek/kvoptions.sty
Package: kvoptions 2016/05/16 v3.12 Key value format for package options (HO)

(d:/Application/texlive/2018/texmf-dist/tex/generic/oberdiek/kvsetkeys.sty
Package: kvsetkeys 2016/05/16 v1.17 Key value parser (HO)

(d:/Application/texlive/2018/texmf-dist/tex/generic/oberdiek/etexcmds.sty
Package: etexcmds 2016/05/16 v1.6 Avoid name clashes with e-TeX commands (HO)

(d:/Application/texlive/2018/texmf-dist/tex/generic/oberdiek/ifluatex.sty
Package: ifluatex 2016/05/16 v1.4 Provides the ifluatex switch (HO)
Package ifluatex Info: LuaTeX not detected.
)
Package etexcmds Info: Could not find \expanded.
(etexcmds)             That can mean that you are not using pdfTeX 1.50 or
(etexcmds)             that some package has redefined \expanded.
(etexcmds)             In the latter case, load this package earlier.
)))
(d:/Application/texlive/2018/texmf-dist/tex/generic/oberdiek/pdftexcmds.sty
Package: pdftexcmds 2018/01/30 v0.27 Utility functions of pdfTeX for LuaTeX (HO
)

(d:/Application/texlive/2018/texmf-dist/tex/generic/oberdiek/ifpdf.sty
Package: ifpdf 2017/03/15 v3.2 Provides the ifpdf switch
)
Package pdftexcmds Info: LuaTeX not detected.
Package pdftexcmds Info: \pdf@primitive is available.
Package pdftexcmds Info: \pdf@ifprimitive is available.
Package pdftexcmds Info: \pdfdraftmode found.
)
Package epstopdf-base Info: Redefining graphics rule for `.eps' on input line 4
38.
Package grfext Info: Graphics extension search list:
(grfext)             [.pdf,.png,.jpg,.mps,.jpeg,.jbig2,.jb2,.PDF,.PNG,.JPG,.JPE
G,.JBIG2,.JB2,.eps]
(grfext)             \AppendGraphicsExtensions on input line 456.

(d:/Application/texlive/2018/texmf-dist/tex/latex/latexconfig/epstopdf-sys.cfg
File: epstopdf-sys.cfg 2010/07/13 v1.3 Configuration of (r)epstopdf for TeX Liv
e
))
Package caption Info: Begin \AtBeginDocument code.
Package caption Info: End \AtBeginDocument code.
LaTeX Font Info:    External font `cmex10' loaded for size
(Font)              <12> on input line 26.
LaTeX Font Info:    External font `cmex10' loaded for size
(Font)              <8> on input line 26.
LaTeX Font Info:    External font `cmex10' loaded for size
(Font)              <6> on input line 26.


LaTeX Warning: No \author given.


Underfull \hbox (badness 10000) in paragraph at lines 37--46

 []

Extra height:0.0pt when 0.0pt
(2)Left:0.0pt Right:0.0pt Output:0.0pt
- LAST -
Left:0.0pt
Right:0.0pt
Output:0.0pt

Underfull \hbox (badness 1584) in paragraph at lines 49--51
\OT1/cmr/m/n/10 Dy-namic thresh-old-ing, Mor-pho-log-i-cal op-er-a-tions,
 []


Underfull \hbox (badness 10000) in paragraph at lines 49--51

 []

<image//Flowchart_image.png, id=1, 814.242pt x 406.1574pt>
File: image//Flowchart_image.png Graphic file (type png)
<use image//Flowchart_image.png>
Package pdftex.def Info: image//Flowchart_image.png  used on input line 54.
(pdftex.def)             Requested size: 213.39566pt x 106.44128pt.
LaTeX Font Info:    External font `cmex10' loaded for size
(Font)              <7> on input line 60.
LaTeX Font Info:    External font `cmex10' loaded for size
(Font)              <5> on input line 60.

Underfull \hbox (badness 1466) in paragraph at lines 59--66
\OT1/cmr/m/n/10 (1)Estimating the grayscale of the im-age back-
 []


Underfull \hbox (badness 2980) in paragraph at lines 59--66
\OT1/cmr/m/n/10 (2)The roughly es-ti-mated back-ground grayscale
 []


Underfull \hbox (badness 10000) in paragraph at lines 59--66

 []


Underfull \vbox (badness 2277) has occurred while \output is active []


Overfull \vbox (139.86674pt too high) has occurred while \output is active []


[1{d:/Application/texlive/2018/texmf-var/fonts/map/pdftex/updmap/pdftex.map}


 <./image//Flowchart_image.png>]
Underfull \hbox (badness 10000) in paragraph at lines 68--70

 []


Underfull \hbox (badness 10000) in paragraph at lines 72--74

 []


Underfull \hbox (badness 10000) in paragraph at lines 76--78

 []


Underfull \hbox (badness 6445) in paragraph at lines 79--79
[]\OT1/cmr/bx/n/14.4 Testing and Ex-per-i-men-tal
 []


Underfull \hbox (badness 1331) in paragraph at lines 85--87
\OT1/cmr/m/n/10 true neg-a-tive, false pos-i-tive, and false neg-a-tive
 []


Underfull \hbox (badness 10000) in paragraph at lines 85--87

 []

<image//Result_image.png, id=15, 692.3466pt x 370.986pt>
File: image//Result_image.png Graphic file (type png)
<use image//Result_image.png>
Package pdftex.def Info: image//Result_image.png  used on input line 90.
(pdftex.def)             Requested size: 213.39566pt x 114.34215pt.
(./IR_template.bbl

LaTeX Warning: Empty `thebibliography' environment on input line 8.

)
- LAST -
Extra skip:15.22935pt
Left:494.78444pt/1.94444pt
Right:481.49953pt/0.0pt
Output:494.14198pt
 [2 <./image//Result_image.png>] (./IR_template.aux) ) 
Here is how much of TeX's memory you used:
 3202 strings out of 494525
 50254 string characters out of 6174921
 124742 words of memory out of 5000000
 6827 multiletter control sequences out of 15000+600000
 7587 words of font info for 27 fonts, out of 8000000 for 9000
 36 hyphenation exceptions out of 8191
 44i,7n,39p,839b,255s stack positions out of 5000i,500n,10000p,200000b,80000s
<d:/Application/texlive/2
018/texmf-dist/fonts/type1/public/amsfonts/cm/cmbx12.pfb><d:/Application/texliv
e/2018/texmf-dist/fonts/type1/public/amsfonts/cm/cmmi10.pfb><d:/Application/tex
live/2018/texmf-dist/fonts/type1/public/amsfonts/cm/cmr10.pfb><d:/Application/t
exlive/2018/texmf-dist/fonts/type1/public/amsfonts/cm/cmr12.pfb><d:/Application
/texlive/2018/texmf-dist/fonts/type1/public/amsfonts/cm/cmr17.pfb><d:/Applicati
on/texlive/2018/texmf-dist/fonts/type1/public/amsfonts/cm/cmsy10.pfb>
Output written on IR_template.pdf (2 pages, 589138 bytes).
PDF statistics:
 40 PDF objects out of 1000 (max. 8388607)
 25 compressed objects within 1 object stream
 0 named destinations out of 1000 (max. 500000)
 11 words of extra memory for PDF output out of 10000 (max. 10000000)

